{"numTotalTestSuites":2,"numPassedTestSuites":2,"numFailedTestSuites":0,"numPendingTestSuites":0,"numTotalTests":1,"numPassedTests":1,"numFailedTests":0,"numPendingTests":0,"numTodoTests":0,"snapshot":{"added":0,"failure":false,"filesAdded":0,"filesRemoved":0,"filesRemovedList":[],"filesUnmatched":0,"filesUpdated":0,"matched":0,"total":0,"unchecked":0,"uncheckedKeysByFile":[],"unmatched":0,"updated":0,"didUpdate":false},"startTime":1786545720195,"success":true,"testResults":[{"assertionResults":[{"ancestorTitles":["Unit Oracle pipeline integration"],"fullName":"Unit Oracle pipeline integration scans, verifies, compiles and executes a pure target without AI TypeScript generation","status":"passed","title":"scans, verifies, compiles and executes a pure target without AI TypeScript generation","duration":3595.3360000000002,"failureMessages":[],"meta":{},"tags":[]}],"startTime":1786545726652,"endTime":1786545730247.336,"status":"passed","message":"","name":"D:/AIAUTOTEST1-latest/tests/integration/unit-oracle-pipeline.test.ts"}]}