{"numTotalTestSuites":1,"numPassedTestSuites":0,"numFailedTestSuites":1,"numPendingTestSuites":0,"numTotalTests":0,"numPassedTests":0,"numFailedTests":0,"numPendingTests":0,"numTodoTests":0,"snapshot":{"added":0,"failure":false,"filesAdded":0,"filesRemoved":0,"filesRemovedList":[],"filesUnmatched":0,"filesUpdated":0,"matched":0,"total":0,"unchecked":0,"uncheckedKeysByFile":[],"unmatched":0,"updated":0,"didUpdate":false},"startTime":1786545487275,"success":false,"testResults":[{"assertionResults":[],"startTime":1786545487275,"endTime":1786545487275,"status":"failed","message":"Cannot find module '/@id/D:/AIAUTOTEST1-latest/vitest-msw-setup.ts'","name":"D:/AIAUTOTEST1-latest/tests/integration/unit-oracle-pipeline.test.ts"}]}